[21:51:54]:Using language:  en_us
[21:52:22]:Using language:  en_us
[21:52:36]:Safe exit. 
[20:40:06]:Using language:  en_us
[20:40:21]:Using language:  en_us
[20:40:30]:Safe exit. 
[20:48:41]:Using language:  en_us
[20:48:50]:Safe exit. 
[20:49:03]:Using language:  en_us
[20:49:18]:Safe exit. 
[20:51:43]:Using language:  en_us
[20:51:50]:Using language:  en_us
[20:52:00]:File loading:  d:\\Users\\Administrator\\Desktop\\employees.txt
[20:52:00]:Using language:  en_us
[20:52:13]:Using language:  en_us
[20:52:14]:File loading:  None
[20:52:14]:Using language:  en_us
[20:52:31]:Using language:  en_us
[20:52:32]:File loading:  None
[20:52:32]:Using language:  en_us
[20:52:47]:Using language:  en_us
[20:52:58]:File loading:  d:\\Users\\Administrator\\Desktop\\employees.txt
[20:52:58]:Using language:  en_us
[20:53:07]:Safe exit. 
[20:53:12]:Safe exit. 
[20:53:36]:Safe exit. 
[20:57:17]:Using language:  en_us
[20:57:19]:Using language:  en_us
[20:57:20]:File loading:  None
[20:57:20]:Using language:  en_us
[20:57:50]:Using language:  en_us
[20:57:51]:Using language:  en_us
[20:57:53]:File loading:  None
[20:57:53]:Using language:  en_us
[20:58:17]:Using language:  en_us
[20:58:19]:Using language:  en_us
[20:58:20]:File loading:  None
[20:58:20]:Using language:  en_us
[20:58:31]:Safe exit. 
[20:58:45]:Using language:  en_us
[20:58:46]:Using language:  en_us
[20:58:47]:File loading:  None
[20:58:47]:Using language:  en_us
[20:58:47]:Load langList failed:  KeyError

Wrong with file
[20:59:11]:Using language:  en_us
[20:59:12]:Using language:  en_us
[20:59:14]:File loading:  None
[20:59:14]:Using language:  en_us
[20:59:14]:Load langList failed:  KeyError

Wrong with file
[21:00:24]:Using language:  en_us
[21:00:26]:Using language:  en_us
[21:00:28]:File loading:  None
[21:00:28]:Using language:  en_us
[21:00:42]:Safe exit. 
[21:03:54]:Using language:  en_us
[21:04:05]:Using language:  en_us
[21:04:16]:Using language:  en_us
[21:04:40]:Safe exit. 
[21:07:55]:Using language:  en_us
[21:08:39]:Using language:  en_us
[21:09:01]:Using language:  en_us
[21:09:13]:File loading:  d:\\Users\\Administrator\\Desktop\\employees.txt
[21:09:13]:Using language:  en_us
[21:09:18]:Safe exit. 
[21:09:36]:Safe exit. 
[21:10:39]:Using language:  en_us
[21:10:40]:Using language:  en_us
[21:10:48]:File loading:  d:\\Users\\Administrator\\Desktop\\employees.txt
[21:10:48]:Using language:  en_us
[21:10:57]:Safe exit. 
[21:10:57]:Force exit! 
[21:11:03]:Safe exit. 
[21:11:03]:Force exit! 
[21:11:23]:Using language:  en_us
[21:11:31]:Using language:  en_us
[21:11:37]:File loading:  d:\\Users\\Administrator\\Desktop\\employees.txt
[21:11:37]:Using language:  en_us
[21:11:47]:Safe exit. 
[21:11:47]:Force exit! 
[21:12:05]:Using language:  en_us
[21:12:07]:Using language:  en_us
[21:12:09]:File loading:  None
[21:12:09]:Using language:  en_us
[21:12:13]:Safe exit. 
[21:12:13]:Force exit! 
[21:22:10]:Using language:  en_us
[21:24:53]:Using language:  en_us
[21:24:56]:Using language:  en_us
[21:24:56]:Safe exit. 
[21:24:56]:Force exit! 
[21:25:03]:Using language:  en_us
[21:25:08]:Using language:  en_us
[21:25:08]:Safe exit. 
[21:25:08]:Force exit! 
[21:27:08]:Using language:  en_us
[21:27:11]:Using language:  en_us
[21:27:19]:File loading:  d:\\Users\\Administrator\\Desktop\\employees.txt
[21:27:19]:Using language:  en_us
[21:27:24]:Using language:  en_us
[21:27:27]:Safe exit. 
[21:27:27]:Force exit! 
[21:27:30]:Using language:  en_us
[21:27:30]:Safe exit. 
[21:27:30]:Force exit! 
[21:27:56]:Using language:  en_us
[21:27:58]:Using language:  en_us
[21:28:02]:File loading:  d:\\Users\\Administrator\\Desktop\\employees.employeesdir
[21:28:02]:Using language:  en_us
[21:29:26]:Using language:  en_us
[21:29:28]:Using language:  en_us
[21:29:31]:File loading:  d:\\Users\\Administrator\\Desktop\\employees.employeesdir
[21:29:31]:Using language:  en_us
[21:30:33]:Using language:  en_us
[21:30:35]:Using language:  en_us
[21:30:38]:File loading:  d:\\Users\\Administrator\\Desktop\\employees.employeesdir
[21:30:46]:Using language:  en_us
[21:32:29]:Using language:  en_us
[21:32:51]:Using language:  en_us
[21:33:04]:Using language:  en_us
[21:33:56]:Using language:  en_us
[21:34:07]:Using language:  en_us
[21:34:12]:Using language:  en_us
[21:34:14]:File saving:  None
[21:34:14]:Using language:  en_us
[21:34:16]:Using language:  en_us
[21:34:18]:File loading:  None
[21:34:29]:Using language:  en_us
[21:34:42]:Using language:  en_us
[21:34:48]:File loading:  d:\\Users\\Administrator\\Desktop\\employees.employeesdir
[21:34:56]:Using language:  en_us
[21:57:32]:Using language:  en_us
[21:57:33]:Using language:  en_us
[21:57:38]:File loading:  d:\\Users\\Administrator\\Desktop\\employees.employeesdir
[21:57:38]:Using language:  en_us
[21:58:25]:Using language:  en_us
[21:58:27]:Using language:  en_us
[21:58:30]:File loading:  d:\\Users\\Administrator\\Desktop\\employees.employeesdir
[21:58:30]:Using language:  en_us
[22:00:39]:Using language:  en_us
[22:00:42]:Using language:  en_us
[22:00:45]:File loading:  d:\\Users\\Administrator\\Desktop\\employees.employeesdir
[22:00:45]:Using language:  en_us
[22:03:27]:Using language:  en_us
[22:03:28]:Using language:  en_us
[22:03:32]:File loading:  d:\\Users\\Administrator\\Desktop\\employees.employeesdir
[22:03:32]:Using language:  en_us
[22:04:29]:Using language:  en_us
[22:04:55]:Using language:  en_us
[22:04:56]:Using language:  en_us
[22:05:00]:File loading:  d:\\Users\\Administrator\\Desktop\\employees.employeesdir
[22:05:00]:Using language:  en_us
[22:08:36]:Using language:  en_us
[22:08:38]:Using language:  en_us
[22:08:41]:File loading:  d:\\Users\\Administrator\\Desktop\\employees.employeesdir
[22:08:41]:Using language:  en_us
[22:08:51]:Using language:  en_us
[22:08:52]:Safe exit. 
[22:08:52]:Force exit! 
[22:08:55]:Using language:  en_us
[22:08:56]:Safe exit. 
[22:08:56]:Force exit! 
[22:10:09]:Using language:  en_us
[22:10:10]:Using language:  en_us
[22:10:13]:File loading:  d:\\Users\\Administrator\\Desktop\\employees.employeesdir
[22:10:13]:Using language:  en_us
[22:10:51]:Using language:  en_us
[22:10:53]:Safe exit. 
[22:10:53]:Force exit! 
[22:10:55]:Using language:  en_us
[22:10:55]:Safe exit. 
[22:10:55]:Force exit! 
[22:12:30]:Using language:  en_us
[22:12:36]:Using language:  en_us
[22:12:39]:File loading:  d:\\Users\\Administrator\\Desktop\\employees.employeesdir
[22:12:39]:Using language:  en_us
[22:12:47]:Using language:  en_us
[22:12:48]:Safe exit. 
[22:12:48]:Force exit! 
[22:12:50]:Using language:  en_us
[22:12:51]:Safe exit. 
[22:12:51]:Force exit! 
[22:14:37]:Using language:  en_us
[22:14:39]:Using language:  en_us
[22:14:40]:Safe exit. 
[22:14:40]:Force exit! 
[22:17:36]:Using language:  en_us
[22:17:38]:Using language:  en_us
[22:17:40]:File loading:  d:\\Users\\Administrator\\Desktop\\employees.employeesdir
[22:17:40]:Using language:  en_us
[22:17:55]:Using language:  en_us
[22:17:56]:Safe exit. 
[22:17:56]:Force exit! 
[22:18:00]:Using language:  en_us
[22:18:01]:Safe exit. 
[22:18:01]:Force exit! 
[22:18:33]:Using language:  en_us
[22:18:35]:Using language:  en_us
[22:18:37]:File loading:  d:\\Users\\Administrator\\Desktop\\employees.employeesdir
[22:18:37]:Using language:  en_us
[22:18:40]:Using language:  en_us
[22:18:40]:Safe exit. 
[22:18:40]:Force exit! 
[22:19:34]:Using language:  en_us
[22:19:36]:Using language:  en_us
[22:19:38]:File loading:  d:\\Users\\Administrator\\Desktop\\employees.employeesdir
[22:19:38]:Using language:  en_us
[22:19:42]:Using language:  en_us
[22:19:42]:Safe exit. 
[22:19:42]:Force exit! 
[22:20:11]:Using language:  en_us
[22:20:12]:Using language:  en_us
[22:20:15]:File loading:  d:\\Users\\Administrator\\Desktop\\employees.employeesdir
[22:20:15]:Using language:  en_us
[22:20:19]:Using language:  en_us
[22:21:45]:Safe exit. 
[22:22:03]:Force exit! 
[22:24:02]:Using language:  en_us
[22:24:04]:Safe exit. 
[22:24:04]:Force exit! 
[22:24:21]:Using language:  en_us
[22:24:22]:Using language:  en_us
[22:24:25]:File loading:  d:\\Users\\Administrator\\Desktop\\employees.employeesdir
[22:24:25]:Using language:  en_us
[22:24:28]:Using language:  en_us
[22:24:31]:Safe exit. 
[22:24:31]:Force exit! 
[22:24:49]:Using language:  en_us
[22:24:50]:Using language:  en_us
[22:24:54]:File loading:  d:\\Users\\Administrator\\Desktop\\employees.employeesdir
[22:24:54]:Using language:  en_us
[22:24:58]:Using language:  en_us
[22:25:01]:Safe exit. 
[22:25:04]:Force exit! 
[22:26:42]:Using language:  en_us
[22:26:43]:Using language:  en_us
[22:26:46]:File loading:  d:\\Users\\Administrator\\Desktop\\employees.employeesdir
[22:26:46]:Using language:  en_us
[22:26:48]:Using language:  en_us
[22:26:49]:Safe exit. 
[22:26:49]:Force exit! 
[22:26:54]:Using language:  en_us
[22:26:55]:Safe exit. 
[22:26:55]:Force exit! 
[22:27:30]:Using language:  en_us
[22:27:33]:Using language:  en_us
[22:27:33]:Safe exit. 
[22:27:33]:Force exit! 
[22:27:40]:Using language:  en_us
[22:27:41]:Using language:  en_us
[22:27:44]:File loading:  d:\\Users\\Administrator\\Desktop\\employees.employeesdir
[22:27:44]:Using language:  en_us
[22:27:47]:Using language:  en_us
[22:27:48]:Safe exit. 
[22:27:48]:Force exit! 
[22:27:50]:Using language:  en_us
[22:27:51]:Safe exit. 
[22:27:51]:Force exit! 
[22:28:14]:Using language:  en_us
[22:28:16]:Using language:  en_us
[22:28:18]:File loading:  d:\\Users\\Administrator\\Desktop\\employees.employeesdir
[22:28:18]:Using language:  en_us
[22:28:21]:Using language:  en_us
[22:28:21]:Safe exit. 
[22:28:21]:Force exit! 
[22:28:53]:Using language:  en_us
[22:28:54]:Using language:  en_us
[22:28:55]:Safe exit. 
[22:29:47]:Using language:  en_us
[22:29:52]:Using language:  en_us
[22:29:53]:Safe exit. 
[22:29:56]:Using language:  en_us
[22:29:57]:Safe exit. 
[22:29:58]:Using language:  en_us
[22:30:04]:Using language:  en_us
[22:30:23]:Using language:  en_us
[22:30:24]:Using language:  en_us
[22:30:25]:Safe exit. 
[22:30:50]:Using language:  en_us
[22:30:51]:Using language:  en_us
[22:30:52]:Safe exit. 
[22:31:12]:Using language:  en_us
[22:31:13]:Using language:  en_us
[22:31:14]:Safe exit. 
[19:22:39]:Using language:  en_us
[19:22:46]:Using language:  en_us
[19:22:47]:Safe exit. 
[19:23:37]:Using language:  en_us
[19:23:49]:Using language:  en_us
[19:24:00]:Using language:  en_us
[19:24:01]:Safe exit. 
[19:24:37]:Using language:  en_us
[19:24:38]:Using language:  en_us
[19:24:39]:Safe exit. 
[19:24:46]:Using language:  en_us
[19:24:47]:Using language:  en_us
[19:24:48]:Safe exit. 
[19:25:11]:Using language:  en_us
[19:25:12]:Using language:  en_us
[19:25:13]:Safe exit. 
[19:32:11]:Using language:  en_us
[19:32:11]:Load langList failed:  KeyErrorSelect
[19:32:40]:Using language:  en_us
[19:32:40]:Load langList failed:  KeyErrorSelect
[19:36:33]:Using language:  en_us
[19:36:33]:Load langList failed:  KeyErrorSelect
[19:37:17]:Using language:  en_us
[19:37:17]:Load langList failed:  KeyErrorSelect
[19:39:01]:Using language:  en_us
[19:39:01]:Load langList failed:  KeyErrorSelect
[19:39:41]:Using language:  en_us
[19:39:51]:Using language:  en_us
[19:39:52]:Safe exit. 
[19:40:18]:Using language:  en_us
[19:45:21]:Using language:  en_us
[19:45:38]:Using language:  en_us
[19:45:53]:Using language:  en_us
[19:46:08]:Using language:  en_us
[19:46:30]:Using language:  en_us
[19:46:31]:Using language:  en_us
[19:46:49]:Using language:  en_us
[19:46:51]:Using language:  en_us
[19:46:55]:Using language:  en_us
[19:46:56]:Safe exit. 
[19:47:34]:Using language:  en_us
[19:47:36]:Using language:  en_us
[19:47:40]:File loading:  d:\\Users\\Administrator\\Desktop\\employees.employeesdir
[19:47:40]:Using language:  en_us
[19:47:43]:Using language:  en_us
[19:47:44]:Safe exit. 
[19:47:46]:Using language:  en_us
[19:47:47]:Safe exit. 
[19:48:24]:Using language:  en_us
[19:48:24]:Using language:  en_us
[19:48:25]:Safe exit. 
[19:48:36]:Using language:  en_us
[19:48:39]:Using language:  en_us
[19:48:40]:Safe exit. 
[19:57:43]:Using language:  en_us
[19:58:06]:Using language:  en_us
[19:58:08]:Using language:  en_us
[19:58:11]:File loading:  d:\\Users\\Administrator\\Desktop\\employees.employeesdir
[19:58:11]:Using language:  en_us
[19:58:14]:Using language:  en_us
[19:58:15]:Using language:  en_us
[19:58:17]:Using language:  en_us
[19:58:18]:Safe exit. 
[20:00:56]:Using language:  en_us
[20:01:10]:Using language:  en_us
[20:01:24]:Using language:  en_us
[20:01:26]:Using language:  en_us
[20:01:28]:Using language:  en_us
[20:01:32]:File loading:  d:\\Users\\Administrator\\Desktop\\employees.employeesdir
[20:01:32]:Using language:  en_us
[20:01:39]:Using language:  en_us
[20:01:41]:Safe exit. 
[20:01:44]:Using language:  en_us
[20:01:45]:Safe exit. 
[20:06:06]:Using language:  en_us
[20:06:14]:Using language:  en_us
[20:06:33]:Using language:  en_us
[20:06:56]:Using language:  en_us
[20:06:57]:Using language:  en_us
[20:07:29]:Using language:  en_us
[20:07:31]:Using language:  en_us
[20:07:34]:File loading:  d:\\Users\\Administrator\\Desktop\\employees.employeesdir
[20:07:34]:Using language:  en_us
[20:07:36]:Using language:  en_us
[20:07:39]:Using language:  en_us
[20:07:43]:Using language:  en_us
[20:07:47]:Using language:  en_us
[20:07:48]:Safe exit. 
[20:07:51]:Using language:  en_us
[20:07:52]:Safe exit. 
[20:17:10]:Using language:  en_us
[20:17:11]:Using language:  en_us
[20:17:14]:Using language:  en_us
[20:17:18]:File loading:  d:\\Users\\Administrator\\Desktop\\employees.employeesdir
[20:17:18]:Using language:  en_us
[20:17:20]:Using language:  en_us
[20:17:22]:Using language:  en_us
[20:17:25]:Using language:  en_us
[20:17:26]:Safe exit. 
[20:18:12]:Using language:  en_us
[20:18:13]:Using language:  en_us
[20:18:16]:File loading:  d:\\Users\\Administrator\\Desktop\\employees.employeesdir
[20:18:16]:Using language:  en_us
[20:18:18]:Using language:  en_us
[20:18:19]:Using language:  en_us
[20:18:24]:Using language:  en_us
[20:18:27]:Using language:  en_us
[20:18:28]:Safe exit. 
[20:18:30]:Using language:  en_us
[20:18:31]:Safe exit. 
[20:25:52]:Using language:  en_us
[20:25:54]:Using language:  en_us
[20:25:57]:File loading:  d:\\Users\\Administrator\\Desktop\\employees.employeesdir
[20:25:57]:Using language:  en_us
[20:25:59]:Using language:  en_us
[20:26:00]:Using language:  en_us
[20:26:14]:Using language:  en_us
[20:26:16]:Using language:  en_us
[20:26:19]:File loading:  d:\\Users\\Administrator\\Desktop\\employees.employeesdir
[20:26:19]:Using language:  en_us
[20:26:21]:Using language:  en_us
[20:26:22]:Using language:  en_us
[20:26:26]:Using language:  en_us
[20:26:27]:Safe exit. 
[20:39:58]:Using language:  en_us
[20:39:59]:Using language:  en_us
[20:40:03]:File loading:  d:\\Users\\Administrator\\Desktop\\employees.employeesdir
[20:40:03]:Using language:  en_us
[20:40:05]:Using language:  en_us
[20:40:06]:Using language:  en_us
[20:40:06]:Load langList failed:  KeyErrorNex
[20:40:18]:Using language:  en_us
[20:40:29]:Using language:  en_us
[20:40:31]:Using language:  en_us
[20:40:33]:Using language:  en_us
[20:40:35]:File saving:  None
[20:40:35]:Using language:  en_us
[20:40:38]:Using language:  en_us
[20:40:42]:File loading:  d:\\Users\\Administrator\\Desktop\\employees.employeesdir
[20:40:42]:Using language:  en_us
[20:40:43]:Using language:  en_us
[20:40:45]:Using language:  en_us
[20:41:54]:Using language:  en_us
[20:41:58]:Using language:  en_us
[20:42:04]:File loading:  d:\\Users\\Administrator\\Desktop\\employees.employeesdir
[20:42:04]:Using language:  en_us
[20:42:12]:Using language:  en_us
[20:42:17]:Using language:  en_us
[20:49:59]:Using language:  en_us
[20:50:00]:Using language:  en_us
[20:50:04]:File loading:  d:\\Users\\Administrator\\Desktop\\employees.employeesdir
[20:50:04]:Using language:  en_us
[20:50:07]:Using language:  en_us
[20:50:08]:Using language:  en_us
[20:50:24]:Using language:  en_us
[20:50:25]:Using language:  en_us
[20:50:28]:File loading:  d:\\Users\\Administrator\\Desktop\\employees.employeesdir
[20:50:28]:Using language:  en_us
[20:50:30]:Using language:  en_us
[20:50:31]:Using language:  en_us
[20:50:32]:Using language:  en_us
[16:36:39]:Using language:  en_us
[16:37:04]:Using language:  en_us
[16:37:16]:Using language:  en_us
[16:37:45]:Using language:  en_us
[16:37:47]:Using language:  en_us
[16:37:49]:Safe exit. 
[16:37:54]:Using language:  en_us
[16:37:55]:Using language:  en_us
[16:38:00]:File loading:  d:\\Users\\Administrator\\Desktop\\employees.employeesdir
[16:38:00]:Using language:  en_us
[16:38:01]:Using language:  en_us
[16:38:03]:Using language:  en_us
[16:38:15]:Using language:  en_us
[16:38:17]:Using language:  en_us
[16:38:21]:File loading:  d:\\Users\\Administrator\\Desktop\\employees.employeesdir
[16:38:21]:Using language:  en_us
[16:38:22]:Using language:  en_us
[16:38:24]:Using language:  en_us
[16:39:17]:Using language:  en_us
[16:39:18]:Using language:  en_us
[16:39:21]:File loading:  d:\\Users\\Administrator\\Desktop\\employees.employeesdir
[16:39:22]:Using language:  en_us
[16:39:24]:Using language:  en_us
[16:39:25]:Using language:  en_us
[16:39:32]:Using language:  en_us
[16:40:10]:Using language:  en_us
[16:40:45]:Using language:  en_us
[16:40:46]:Using language:  en_us
[16:40:50]:File loading:  d:\\Users\\Administrator\\Desktop\\employees.employeesdir
[16:40:50]:Using language:  en_us
[16:40:51]:Using language:  en_us
[16:40:53]:Using language:  en_us
[16:40:54]:Using language:  en_us
[16:41:28]:Using language:  en_us
[16:41:30]:Using language:  en_us
[16:41:34]:File loading:  d:\\Users\\Administrator\\Desktop\\employees.employeesdir
[16:41:34]:Using language:  en_us
[16:41:35]:Using language:  en_us
[16:41:37]:Using language:  en_us
[16:41:38]:Using language:  en_us
[16:42:03]:Using language:  en_us
[16:42:04]:Using language:  en_us
[16:42:08]:File loading:  d:\\Users\\Administrator\\Desktop\\employees.employeesdir
[16:42:08]:Using language:  en_us
[16:42:10]:Using language:  en_us
[16:42:11]:Using language:  en_us
[16:42:17]:Using language:  en_us
[16:42:20]:Using language:  en_us
[16:42:23]:File loading:  d:\\Users\\Administrator\\Desktop\\employees.employeesdir
[16:42:23]:Using language:  en_us
[16:42:25]:Using language:  en_us
[16:42:26]:Using language:  en_us
[16:42:28]:Using language:  en_us
[16:42:56]:Using language:  en_us
[16:42:58]:Using language:  en_us
[16:43:01]:File loading:  d:\\Users\\Administrator\\Desktop\\employees.employeesdir
[16:43:01]:Using language:  en_us
[16:43:02]:Using language:  en_us
[16:43:06]:Using language:  en_us
[16:43:06]:Using language:  en_us
[16:43:26]:Using language:  en_us
[16:43:54]:Using language:  en_us
[16:43:56]:Using language:  en_us
[16:44:00]:File loading:  d:\\Users\\Administrator\\Desktop\\employees.employeesdir
[16:44:00]:Using language:  en_us
[16:44:01]:Using language:  en_us
[16:44:03]:Using language:  en_us
[16:44:04]:Using language:  en_us
[16:44:15]:Using language:  en_us
[16:44:20]:Using language:  en_us
[16:44:21]:Using language:  en_us
[16:44:37]:Using language:  en_us
[16:44:43]:Using language:  en_us
[16:44:45]:Using language:  en_us
[16:44:49]:File loading:  d:\\Users\\Administrator\\Desktop\\employees.employeesdir
[16:44:49]:Using language:  en_us
[16:44:52]:Using language:  en_us
[16:44:53]:Using language:  en_us
[16:44:54]:Using language:  en_us
[16:45:08]:Using language:  en_us
[16:45:12]:Using language:  en_us
[16:45:32]:Using language:  en_us
[16:45:34]:Using language:  en_us
[16:45:38]:File loading:  d:\\Users\\Administrator\\Desktop\\employees.employeesdir
[16:45:38]:Using language:  en_us
[16:45:40]:Using language:  en_us
[16:45:41]:Using language:  en_us
[16:45:42]:Using language:  en_us
[16:45:45]:Using language:  en_us
[16:45:48]:Using language:  en_us
[16:45:50]:Using language:  en_us
[16:46:01]:Using language:  en_us
[16:46:03]:Using language:  en_us
[16:46:03]:Safe exit. 
[16:58:31]:Using language:  en_us
[16:58:32]:Using language:  en_us
[16:58:36]:File loading:  d:\\Users\\Administrator\\Desktop\\employees.employeesdir
[16:58:36]:Using language:  en_us
[16:58:38]:Using language:  en_us
[16:58:40]:Using language:  en_us
[16:58:41]:Using language:  en_us
[16:58:44]:Using language:  en_us
[16:58:46]:Using language:  en_us
[16:59:16]:Using language:  en_us
[16:59:18]:Using language:  en_us
[16:59:21]:File loading:  d:\\Users\\Administrator\\Desktop\\employees.employeesdir
[16:59:21]:Using language:  en_us
[16:59:23]:Using language:  en_us
[16:59:24]:Using language:  en_us
[16:59:25]:Using language:  en_us
[16:59:28]:Using language:  en_us
[16:59:30]:Using language:  en_us
[16:59:33]:Using language:  en_us
[16:59:47]:Using language:  en_us
[16:59:49]:Using language:  en_us
[16:59:50]:Safe exit. 
[17:00:14]:Using language:  en_us
[17:00:15]:Using language:  en_us
[17:00:17]:Using language:  en_us
[17:00:21]:File loading:  d:\\Users\\Administrator\\Desktop\\employees.employeesdir
[17:00:21]:Using language:  en_us
[17:00:23]:Using language:  en_us
[17:00:26]:Using language:  en_us
[17:00:26]:Using language:  en_us
[17:00:29]:Using language:  en_us
[17:00:31]:Using language:  en_us
[17:00:33]:Using language:  en_us
[17:00:36]:Using language:  en_us
[17:00:38]:Safe exit. 
[17:00:45]:Using language:  en_us
[17:00:46]:Using language:  en_us
[17:00:50]:File loading:  d:\\Users\\Administrator\\Desktop\\employees.employeesdir
[17:00:50]:Using language:  en_us
[17:00:52]:Using language:  en_us
[17:00:53]:Using language:  en_us
[17:00:54]:Using language:  en_us
[17:03:05]:Using language:  en_us
[17:03:09]:Using language:  en_us
[17:03:13]:File loading:  d:\\Users\\Administrator\\Desktop\\employees.employeesdir
[17:03:13]:Using language:  en_us
[17:03:15]:Using language:  en_us
[17:03:16]:Using language:  en_us
[17:03:17]:Using language:  en_us
[17:03:21]:Using language:  en_us
[17:03:22]:Using language:  en_us
[17:03:23]:Using language:  en_us
[17:03:33]:Using language:  en_us
[17:03:34]:Using language:  en_us
[17:05:25]:Using language:  en_us
[17:05:41]:Using language:  en_us
[17:05:48]:Using language:  en_us
[17:06:08]:Using language:  en_us
[17:06:16]:Using language:  en_us
[17:06:21]:loginButton pushed. 
[17:06:21]:User: admin
Password: admin 
[17:06:21]:Admin Logged in. 
[17:07:14]:Using language:  en_us
[17:07:28]:Using language:  en_us
[17:07:30]:Using language:  en_us
[17:07:34]:File loading:  d:\\Users\\Administrator\\Desktop\\employees.employeesdir
[17:07:34]:Using language:  en_us
[17:07:36]:Using language:  en_us
[17:07:37]:Using language:  en_us
[17:07:38]:Using language:  en_us
[17:07:47]:Using language:  en_us
[17:07:50]:Using language:  en_us
[17:17:55]:Using language:  en_us
[17:17:57]:Using language:  en_us
[17:18:01]:File loading:  d:\\Users\\Administrator\\Desktop\\employees.employeesdir
[17:18:01]:Using language:  en_us
[17:18:02]:Using language:  en_us
[17:18:03]:Using language:  en_us
[17:18:04]:Using language:  en_us
[20:28:17]:Using language:  en_us
[20:28:19]:Using language:  en_us
[20:28:24]:File loading:  d:\\Users\\Administrator\\Desktop\\employees.employeesdir
[20:28:24]:Using language:  en_us
[20:28:25]:Using language:  en_us
[20:28:27]:Using language:  en_us
[20:28:28]:Using language:  en_us
[20:28:30]:Using language:  en_us
[20:28:31]:Using language:  en_us
[20:28:59]:Using language:  en_us
[20:29:10]:Using language:  en_us
[20:29:12]:Using language:  en_us
[20:29:15]:File loading:  d:\\Users\\Administrator\\Desktop\\employees.employeesdir
[20:29:15]:Using language:  en_us
[20:29:18]:Using language:  en_us
[20:29:20]:Using language:  en_us
[20:29:21]:Using language:  en_us
[20:29:49]:Using language:  en_us
[20:29:50]:Using language:  en_us
[10:46:37]:Using language:  en_us
[10:46:39]:Using language:  en_us
[10:46:40]:Using language:  en_us
[10:48:59]:Using language:  en_us
[10:49:00]:Using language:  en_us
[10:49:01]:Using language:  en_us
